<?xml version="1.0" encoding="UTF-8"?>
<!-- Generated by org.testng.reporters.JUnitReportReporter -->
<testsuite hostname="DESKTOP-FC9KOGL" failures="0" tests="5" name="com.crm.qa.tests.HomePageTest" time="200.213" errors="0" timestamp="2023-01-09T11:49:47 EST" skipped="0">
  <testcase classname="com.crm.qa.tests.HomePageTest" name="verifyUsernameTest" time="39.572"/>
  <system-out/>
  <testcase classname="com.crm.qa.tests.HomePageTest" name="verifyDocumentsLinkTest" time="39.917"/>
  <system-out/>
  <testcase classname="com.crm.qa.tests.HomePageTest" name="verifyContactsLinkTest" time="40.438"/>
  <system-out/>
  <testcase classname="com.crm.qa.tests.HomePageTest" name="verifyCalendarLinkTest" time="40.876"/>
  <system-out/>
  <testcase classname="com.crm.qa.tests.HomePageTest" name="verifyHomePageTitleTest" time="39.410"/>
  <system-out/>
</testsuite> <!-- com.crm.qa.tests.HomePageTest -->
