<?xml version="1.0" encoding="UTF-8"?>
<!-- Generated by org.testng.reporters.JUnitReportReporter -->
<testsuite hostname="DESKTOP-FC9KOGL" failures="0" tests="3" name="com.crm.qa.tests.LoginPageTest" time="51.946" errors="0" timestamp="2023-01-09T11:45:56 EST" skipped="0">
  <testcase classname="com.crm.qa.tests.LoginPageTest" name="LoginPageTitleTest" time="5.132"/>
  <system-out/>
  <testcase classname="com.crm.qa.tests.LoginPageTest" name="crmLogoImageTest" time="5.265"/>
  <system-out/>
  <testcase classname="com.crm.qa.tests.LoginPageTest" name="login" time="41.549"/>
  <system-out/>
</testsuite> <!-- com.crm.qa.tests.LoginPageTest -->
