<?xml version="1.0" encoding="UTF-8"?>
<!-- Generated by org.testng.reporters.JUnitReportReporter -->
<testsuite hostname="DESKTOP-FC9KOGL" failures="0" tests="2" name="com.crm.qa.tests.DocumentsPageTest" time="16.965" errors="0" timestamp="2023-01-09T11:50:38 EST" skipped="0">
  <testcase classname="com.crm.qa.tests.DocumentsPageTest" name="verifyUsernameTest" time="8.171"/>
  <system-out/>
  <testcase classname="com.crm.qa.tests.DocumentsPageTest" name="verifyNewFolderCreated" time="8.794"/>
  <system-out/>
</testsuite> <!-- com.crm.qa.tests.DocumentsPageTest -->
