<?xml version="1.0" encoding="UTF-8"?>
<!-- Generated by org.testng.reporters.JUnitReportReporter -->
<testsuite hostname="DESKTOP-FC9KOGL" failures="0" tests="3" name="com.crm.qa.tests.LoginPageTest" time="48.322" errors="0" timestamp="2022-12-14T12:37:34 EST" skipped="0">
  <testcase classname="com.crm.qa.tests.LoginPageTest" name="LoginPageTitleTest" time="4.608"/>
  <system-out/>
  <testcase classname="com.crm.qa.tests.LoginPageTest" name="crmLogoImageTest" time="4.489"/>
  <system-out/>
  <testcase classname="com.crm.qa.tests.LoginPageTest" name="login" time="39.225"/>
  <system-out/>
</testsuite> <!-- com.crm.qa.tests.LoginPageTest -->
