<?xml version="1.0" encoding="UTF-8"?>
<!-- Generated by org.testng.reporters.JUnitReportReporter -->
<testsuite hostname="DESKTOP-FC9KOGL" failures="0" tests="4" name="com.crm.qa.tests.CalendarPageTest" time="127.474" errors="0" timestamp="2023-01-09T11:56:04 EST" skipped="0">
  <testcase classname="com.crm.qa.tests.CalendarPageTest" name="verifyUsernameTest" time="9.101"/>
  <system-out/>
  <testcase classname="com.crm.qa.tests.CalendarPageTest" name="validateCreateNewEvent" time="40.432"/>
  <system-out/>
  <testcase classname="com.crm.qa.tests.CalendarPageTest" name="validateCreateNewEvent" time="39.101"/>
  <system-out/>
  <testcase classname="com.crm.qa.tests.CalendarPageTest" name="validateCreateNewEvent" time="38.840"/>
  <system-out/>
</testsuite> <!-- com.crm.qa.tests.CalendarPageTest -->
