<?xml version="1.0" encoding="UTF-8"?>
<!-- Generated by org.testng.reporters.JUnitReportReporter -->
<testsuite hostname="DESKTOP-FC9KOGL" failures="0" tests="5" name="com.crm.qa.tests.ConatctsPageTest" time="307.248" errors="0" timestamp="2022-12-14T12:37:34 EST" skipped="0">
  <testcase classname="com.crm.qa.tests.ConatctsPageTest" name="verifyUsernameTest" time="39.922"/>
  <system-out/>
  <testcase classname="com.crm.qa.tests.ConatctsPageTest" name="verifyEmailLinkTest" time="40.756"/>
  <system-out/>
  <testcase classname="com.crm.qa.tests.ConatctsPageTest" name="validateCreateNewContact" time="75.196"/>
  <system-out/>
  <testcase classname="com.crm.qa.tests.ConatctsPageTest" name="validateCreateNewContact" time="76.465"/>
  <system-out/>
  <testcase classname="com.crm.qa.tests.ConatctsPageTest" name="validateCreateNewContact" time="74.909"/>
  <system-out/>
</testsuite> <!-- com.crm.qa.tests.ConatctsPageTest -->
