<?xml version="1.0" encoding="UTF-8"?>
<!-- Generated by org.testng.reporters.JUnitReportReporter -->
<testsuite hostname="DESKTOP-FC9KOGL" failures="0" tests="5" name="com.crm.qa.tests.ConatctsPageTest" time="147.885" errors="0" timestamp="2023-01-09T11:53:32 EST" skipped="0">
  <testcase classname="com.crm.qa.tests.ConatctsPageTest" name="verifyUsernameTest" time="8.492"/>
  <system-out/>
  <testcase classname="com.crm.qa.tests.ConatctsPageTest" name="verifyEmailLinkTest" time="7.977"/>
  <system-out/>
  <testcase classname="com.crm.qa.tests.ConatctsPageTest" name="validateCreateNewContact" time="43.769"/>
  <system-out/>
  <testcase classname="com.crm.qa.tests.ConatctsPageTest" name="validateCreateNewContact" time="44.080"/>
  <system-out/>
  <testcase classname="com.crm.qa.tests.ConatctsPageTest" name="validateCreateNewContact" time="43.567"/>
  <system-out/>
</testsuite> <!-- com.crm.qa.tests.ConatctsPageTest -->
