<?xml version="1.0" encoding="UTF-8"?>
<!-- Generated by org.testng.reporters.JUnitReportReporter -->
<testsuite hostname="DESKTOP-FC9KOGL" failures="0" tests="3" name="com.crm.qa.tests.LoginPageTest" time="46.512" errors="0" timestamp="2022-12-13T15:20:53 EST" skipped="0">
  <testcase classname="com.crm.qa.tests.LoginPageTest" name="LoginPageTitleTest" time="4.220"/>
  <system-out/>
  <testcase classname="com.crm.qa.tests.LoginPageTest" name="crmLogoImageTest" time="4.186"/>
  <system-out/>
  <testcase classname="com.crm.qa.tests.LoginPageTest" name="login" time="38.106"/>
  <system-out/>
</testsuite> <!-- com.crm.qa.tests.LoginPageTest -->
