<?xml version="1.0" encoding="UTF-8"?>
<!-- Generated by org.testng.reporters.JUnitReportReporter -->
<testsuite hostname="DESKTOP-FC9KOGL" failures="0" tests="3" name="com.crm.qa.tests.HomePageTest" time="116.500" errors="0" timestamp="2022-12-13T15:20:53 EST" skipped="0">
  <testcase classname="com.crm.qa.tests.HomePageTest" name="verifyContactsLinkTest" time="39.162"/>
  <system-out/>
  <testcase classname="com.crm.qa.tests.HomePageTest" name="verifyUsernameTest" time="38.715"/>
  <system-out/>
  <testcase classname="com.crm.qa.tests.HomePageTest" name="verifyHomePageTitleTest" time="38.623"/>
  <system-out/>
</testsuite> <!-- com.crm.qa.tests.HomePageTest -->
