<?xml version="1.0" encoding="UTF-8"?>
<!-- Generated by org.testng.reporters.JUnitReportReporter -->
<testsuite hostname="DESKTOP-FC9KOGL" failures="0" tests="5" name="com.crm.qa.tests.ConatctsPageTest" time="302.833" errors="0" timestamp="2022-12-13T15:20:53 EST" skipped="0">
  <testcase classname="com.crm.qa.tests.ConatctsPageTest" name="verifyUsernameTest" time="38.878"/>
  <system-out/>
  <testcase classname="com.crm.qa.tests.ConatctsPageTest" name="verifyEmailLinkTest" time="38.960"/>
  <system-out/>
  <testcase classname="com.crm.qa.tests.ConatctsPageTest" name="validateCreateNewContact" time="74.817"/>
  <system-out/>
  <testcase classname="com.crm.qa.tests.ConatctsPageTest" name="validateCreateNewContact" time="74.585"/>
  <system-out/>
  <testcase classname="com.crm.qa.tests.ConatctsPageTest" name="validateCreateNewContact" time="75.593"/>
  <system-out/>
</testsuite> <!-- com.crm.qa.tests.ConatctsPageTest -->
